<?xml version="1.0" encoding="UTF-8"?>
<!-- Generated by org.testng.reporters.JUnitReportReporter -->
<testsuite skipped="0" hostname="LAPTOP-C379US1T" name="com.pdea.PlaywrightAutomation.PlaywrightAutomation" tests="3" failures="1" timestamp="04 Feb 2025 07:49:53 GMT" time="81.034" errors="0">
  <testcase name="test_scenario1" time="32.140" classname="com.pdea.PlaywrightAutomation.PlaywrightAutomation"/>
  <testcase name="test_scenario2" time="22.052" classname="com.pdea.PlaywrightAutomation.PlaywrightAutomation"/>
  <testcase name="test_scenario3" time="26.842" classname="com.pdea.PlaywrightAutomation.PlaywrightAutomation">
    <failure type="java.lang.AssertionError" message="The following asserts failed:
	Error message not as expected expected [Please fill out this field.] but found [null]">
      <![CDATA[java.lang.AssertionError: The following asserts failed:
Error message not as expected expected [Please fill out this field.] but found [null]
at org.testng.asserts.SoftAssert.assertAll(SoftAssert.java:43)
at com.pdea.PlaywrightAutomation.PlaywrightAutomation.test_scenario3(PlaywrightAutomation.java:147)
at sun.reflect.NativeMethodAccessorImpl.invoke0(Native Method)
at sun.reflect.NativeMethodAccessorImpl.invoke(Unknown Source)
at sun.reflect.DelegatingMethodAccessorImpl.invoke(Unknown Source)
at java.lang.reflect.Method.invoke(Unknown Source)
at org.testng.internal.MethodInvocationHelper.invokeMethod(MethodInvocationHelper.java:124)
at org.testng.internal.Invoker.invokeMethod(Invoker.java:580)
at org.testng.internal.Invoker.invokeTestMethod(Invoker.java:716)
at org.testng.internal.Invoker.invokeTestMethods(Invoker.java:988)
at org.testng.internal.TestMethodWorker.invokeTestMethods(TestMethodWorker.java:125)
at org.testng.internal.TestMethodWorker.run(TestMethodWorker.java:109)
at java.util.concurrent.ThreadPoolExecutor.runWorker(Unknown Source)
at java.util.concurrent.ThreadPoolExecutor$Worker.run(Unknown Source)
at java.lang.Thread.run(Unknown Source)
]]>
    </failure>
  </testcase> <!-- test_scenario3 -->
</testsuite> <!-- com.pdea.PlaywrightAutomation.PlaywrightAutomation -->
